<?xml version="1.0" encoding="UTF-8"?>
<!-- Generated by org.testng.reporters.JUnitReportReporter -->
<testsuite hostname="DESKTOP-7J0OVQ5" failures="0" tests="1" name="test_Scripts.TestScript4" time="6.610" errors="0" timestamp="2022-06-20T11:43:04 IST" skipped="0">
  <testcase classname="test_Scripts.TestScript4" name="testScript3" time="6.610"/>
  <system-out/>
</testsuite> <!-- test_Scripts.TestScript4 -->
