<?xml version="1.0" encoding="UTF-8"?>
<!-- Generated by org.testng.reporters.JUnitReportReporter -->
<testsuite hostname="DESKTOP-7J0OVQ5" failures="0" tests="1" name="test_Scripts.TestScript1" time="1.665" errors="0" timestamp="2022-06-20T10:20:14 IST" skipped="0">
  <testcase classname="test_Scripts.TestScript1" name="testScript1" time="1.665"/>
  <system-out/>
</testsuite> <!-- test_Scripts.TestScript1 -->
